*** This is NuSMV 2.7.1 (compiled on Mon Sep 29 16:07:59 2025)
*** Enabled addons are: compass
*** For more information on NuSMV see <http://nusmv.fbk.eu>
*** or email to <nusmv-users@list.fbk.eu>.
*** Please report bugs to <Please report bugs to <nusmv-users@fbk.eu>>

*** Copyright (c) 2010-2025, Fondazione Bruno Kessler

*** This version of NuSMV is linked to the CUDD library version 2.4.1
*** Copyright (c) 1995-2004, Regents of the University of Colorado

*** This version of NuSMV is linked to the MiniSat SAT solver. 
*** See http://minisat.se/MiniSat.html
*** Copyright (c) 2003-2006, Niklas Een, Niklas Sorensson
*** Copyright (c) 2007-2010, Niklas Sorensson

-- specification AG a.r_num = 1  is true
-- specification AG b.r_num = 1  is true
-- specification AG (a.spike -> AX a.P = 0)  is true
-- specification AG (a.P >= 0 & a.P <= a.Pmax)  is true
-- specification AG (a.spike <-> a.P >= a.tau)  is true
-- specification AG (b.spike -> AX b.P = 0)  is true
-- specification AG (b.P >= 0 & b.P <= b.Pmax)  is true
-- specification AG (b.spike <-> b.P >= b.tau)  is true
-- specification AG !(a.spike & b.spike)  is true
-- specification EF a.spike  is true
-- specification EF b.spike  is false
-- as demonstrated by the following execution sequence
Trace Description: CTL Counterexample 
Trace Type: Counterexample 
  -> State: 1.1 <-
    t = 0
    stim = FALSE
    a.P = 0
    a.r_num = 1
    a.in_hist_1 = 0
    a.in_hist_2 = 0
    a.in_hist_3 = 0
    b.P = 0
    b.r_num = 1
    b.in_hist_1 = 0
    b.in_hist_2 = 0
    b.in_hist_3 = 0
    a.spike = FALSE
    a.window_sum = 0
    a.input_sum = 0
    a.S_leak = 4
    a.tau = 6
    a.Pmax = 10
    b.spike = FALSE
    b.window_sum = 0
    b.input_sum = 0
    b.S_leak = 4
    b.tau = 6
    b.Pmax = 10
-- specification AG (a.spike -> EF b.spike)  is false
-- as demonstrated by the following execution sequence
Trace Description: CTL Counterexample 
Trace Type: Counterexample 
  -> State: 2.1 <-
    t = 0
    stim = FALSE
    a.P = 0
    a.r_num = 1
    a.in_hist_1 = 0
    a.in_hist_2 = 0
    a.in_hist_3 = 0
    b.P = 0
    b.r_num = 1
    b.in_hist_1 = 0
    b.in_hist_2 = 0
    b.in_hist_3 = 0
    a.spike = FALSE
    a.window_sum = 0
    a.input_sum = 0
    a.S_leak = 4
    a.tau = 6
    a.Pmax = 10
    b.spike = FALSE
    b.window_sum = 0
    b.input_sum = 0
    b.S_leak = 4
    b.tau = 6
    b.Pmax = 10
  -> State: 2.2 <-
    t = 1
    stim = TRUE
    a.window_sum = 5
    a.input_sum = 5
  -> State: 2.3 <-
    t = 2
    stim = FALSE
    a.P = 5
    a.in_hist_1 = 5
    a.window_sum = 1
    a.input_sum = 0
  -> State: 2.4 <-
    t = 3
    stim = TRUE
    a.P = 1
    a.in_hist_1 = 0
    a.in_hist_2 = 5
    a.window_sum = 5
    a.input_sum = 5
  -> State: 2.5 <-
    t = 4
    a.P = 5
    a.in_hist_1 = 5
    a.in_hist_2 = 0
    a.in_hist_3 = 5
    a.window_sum = 6
  -> State: 2.6 <-
    t = 5
    stim = FALSE
    a.P = 6
    a.in_hist_2 = 5
    a.in_hist_3 = 0
    a.spike = TRUE
    a.window_sum = 1
    a.input_sum = 0
    b.window_sum = 5
    b.input_sum = 5
-- specification AG (b.spike -> EF a.spike)  is true
-- specification AG ((a.spike -> AF !a.spike) & (!a.spike -> AF a.spike))  is false
-- as demonstrated by the following execution sequence
Trace Description: CTL Counterexample 
Trace Type: Counterexample 
  -> State: 3.1 <-
    t = 0
    stim = FALSE
    a.P = 0
    a.r_num = 1
    a.in_hist_1 = 0
    a.in_hist_2 = 0
    a.in_hist_3 = 0
    b.P = 0
    b.r_num = 1
    b.in_hist_1 = 0
    b.in_hist_2 = 0
    b.in_hist_3 = 0
    a.spike = FALSE
    a.window_sum = 0
    a.input_sum = 0
    a.S_leak = 4
    a.tau = 6
    a.Pmax = 10
    b.spike = FALSE
    b.window_sum = 0
    b.input_sum = 0
    b.S_leak = 4
    b.tau = 6
    b.Pmax = 10
  -> State: 3.2 <-
    t = 1
    stim = TRUE
    a.window_sum = 5
    a.input_sum = 5
  -> State: 3.3 <-
    t = 2
    stim = FALSE
    a.P = 5
    a.in_hist_1 = 5
    a.window_sum = 1
    a.input_sum = 0
  -> State: 3.4 <-
    t = 3
    stim = TRUE
    a.P = 1
    a.in_hist_1 = 0
    a.in_hist_2 = 5
    a.window_sum = 5
    a.input_sum = 5
  -> State: 3.5 <-
    t = 4
    a.P = 5
    a.in_hist_1 = 5
    a.in_hist_2 = 0
    a.in_hist_3 = 5
    a.window_sum = 6
  -> State: 3.6 <-
    t = 5
    stim = FALSE
    a.P = 6
    a.in_hist_2 = 5
    a.in_hist_3 = 0
    a.spike = TRUE
    a.window_sum = 1
    a.input_sum = 0
    b.window_sum = 5
    b.input_sum = 5
  -> State: 3.7 <-
    t = 6
    a.P = 0
    a.in_hist_1 = 0
    a.in_hist_2 = 0
    b.P = 5
    b.in_hist_1 = 5
    a.spike = FALSE
    a.window_sum = 0
    b.window_sum = 1
    b.input_sum = 0
-- specification AG ((b.spike -> AF !b.spike) & (!b.spike -> AF b.spike))  is false
-- as demonstrated by the following execution sequence
Trace Description: CTL Counterexample 
Trace Type: Counterexample 
  -> State: 4.1 <-
    t = 0
    stim = FALSE
    a.P = 0
    a.r_num = 1
    a.in_hist_1 = 0
    a.in_hist_2 = 0
    a.in_hist_3 = 0
    b.P = 0
    b.r_num = 1
    b.in_hist_1 = 0
    b.in_hist_2 = 0
    b.in_hist_3 = 0
    a.spike = FALSE
    a.window_sum = 0
    a.input_sum = 0
    a.S_leak = 4
    a.tau = 6
    a.Pmax = 10
    b.spike = FALSE
    b.window_sum = 0
    b.input_sum = 0
    b.S_leak = 4
    b.tau = 6
    b.Pmax = 10
-- specification EF a.spike  is true
-- specification EF b.spike  is false
-- as demonstrated by the following execution sequence
Trace Description: CTL Counterexample 
Trace Type: Counterexample 
  -> State: 5.1 <-
    t = 0
    stim = FALSE
    a.P = 0
    a.r_num = 1
    a.in_hist_1 = 0
    a.in_hist_2 = 0
    a.in_hist_3 = 0
    b.P = 0
    b.r_num = 1
    b.in_hist_1 = 0
    b.in_hist_2 = 0
    b.in_hist_3 = 0
    a.spike = FALSE
    a.window_sum = 0
    a.input_sum = 0
    a.S_leak = 4
    a.tau = 6
    a.Pmax = 10
    b.spike = FALSE
    b.window_sum = 0
    b.input_sum = 0
    b.S_leak = 4
    b.tau = 6
    b.Pmax = 10
-- specification AG (a.spike -> EF b.spike)  is false
-- as demonstrated by the following execution sequence
Trace Description: CTL Counterexample 
Trace Type: Counterexample 
  -> State: 6.1 <-
    t = 0
    stim = FALSE
    a.P = 0
    a.r_num = 1
    a.in_hist_1 = 0
    a.in_hist_2 = 0
    a.in_hist_3 = 0
    b.P = 0
    b.r_num = 1
    b.in_hist_1 = 0
    b.in_hist_2 = 0
    b.in_hist_3 = 0
    a.spike = FALSE
    a.window_sum = 0
    a.input_sum = 0
    a.S_leak = 4
    a.tau = 6
    a.Pmax = 10
    b.spike = FALSE
    b.window_sum = 0
    b.input_sum = 0
    b.S_leak = 4
    b.tau = 6
    b.Pmax = 10
  -> State: 6.2 <-
    t = 1
    stim = TRUE
    a.window_sum = 5
    a.input_sum = 5
  -> State: 6.3 <-
    t = 2
    stim = FALSE
    a.P = 5
    a.in_hist_1 = 5
    a.window_sum = 1
    a.input_sum = 0
  -> State: 6.4 <-
    t = 3
    stim = TRUE
    a.P = 1
    a.in_hist_1 = 0
    a.in_hist_2 = 5
    a.window_sum = 5
    a.input_sum = 5
  -> State: 6.5 <-
    t = 4
    a.P = 5
    a.in_hist_1 = 5
    a.in_hist_2 = 0
    a.in_hist_3 = 5
    a.window_sum = 6
  -> State: 6.6 <-
    t = 5
    stim = FALSE
    a.P = 6
    a.in_hist_2 = 5
    a.in_hist_3 = 0
    a.spike = TRUE
    a.window_sum = 1
    a.input_sum = 0
    b.window_sum = 5
    b.input_sum = 5
-- specification AG (a.spike -> EF b.spike)  is false
-- as demonstrated by the following execution sequence
Trace Description: CTL Counterexample 
Trace Type: Counterexample 
  -> State: 7.1 <-
    t = 0
    stim = FALSE
    a.P = 0
    a.r_num = 1
    a.in_hist_1 = 0
    a.in_hist_2 = 0
    a.in_hist_3 = 0
    b.P = 0
    b.r_num = 1
    b.in_hist_1 = 0
    b.in_hist_2 = 0
    b.in_hist_3 = 0
    a.spike = FALSE
    a.window_sum = 0
    a.input_sum = 0
    a.S_leak = 4
    a.tau = 6
    a.Pmax = 10
    b.spike = FALSE
    b.window_sum = 0
    b.input_sum = 0
    b.S_leak = 4
    b.tau = 6
    b.Pmax = 10
  -> State: 7.2 <-
    t = 1
    stim = TRUE
    a.window_sum = 5
    a.input_sum = 5
  -> State: 7.3 <-
    t = 2
    stim = FALSE
    a.P = 5
    a.in_hist_1 = 5
    a.window_sum = 1
    a.input_sum = 0
  -> State: 7.4 <-
    t = 3
    stim = TRUE
    a.P = 1
    a.in_hist_1 = 0
    a.in_hist_2 = 5
    a.window_sum = 5
    a.input_sum = 5
  -> State: 7.5 <-
    t = 4
    a.P = 5
    a.in_hist_1 = 5
    a.in_hist_2 = 0
    a.in_hist_3 = 5
    a.window_sum = 6
  -> State: 7.6 <-
    t = 5
    stim = FALSE
    a.P = 6
    a.in_hist_2 = 5
    a.in_hist_3 = 0
    a.spike = TRUE
    a.window_sum = 1
    a.input_sum = 0
    b.window_sum = 5
    b.input_sum = 5
