*** This is NuSMV 2.7.1 (compiled on Mon Sep 29 16:07:59 2025)
*** Enabled addons are: compass
*** For more information on NuSMV see <http://nusmv.fbk.eu>
*** or email to <nusmv-users@list.fbk.eu>.
*** Please report bugs to <Please report bugs to <nusmv-users@fbk.eu>>

*** Copyright (c) 2010-2025, Fondazione Bruno Kessler

*** This version of NuSMV is linked to the CUDD library version 2.4.1
*** Copyright (c) 1995-2004, Regents of the University of Colorado

*** This version of NuSMV is linked to the MiniSat SAT solver. 
*** See http://minisat.se/MiniSat.html
*** Copyright (c) 2003-2006, Niklas Een, Niklas Sorensson
*** Copyright (c) 2007-2010, Niklas Sorensson

-- specification AG (src.spike -> AX src.P = 0)  is true
-- specification AG (src.P >= 0 & src.P <= src.Pmax)  is true
-- specification EF src.spike  is true
-- specification AG (out1.spike -> AX out1.P = 0)  is true
-- specification AG (out1.P >= 0 & out1.P <= out1.Pmax)  is true
-- specification AG (out2.spike -> AX out2.P = 0)  is true
-- specification AG (out2.P >= 0 & out2.P <= out2.Pmax)  is true
-- specification AG (out3.spike -> AX out3.P = 0)  is true
-- specification AG (out3.P >= 0 & out3.P <= out3.Pmax)  is true
-- specification EF out1.spike  is true
-- specification EF out2.spike  is true
-- specification EF out3.spike  is true
-- specification ((EF out1.spike & EF out2.spike) & EF out3.spike)  is true
-- specification EF ((out1.spike & out2.spike) & out3.spike)  is true
-- specification ( G (stim & src.r_num >= 2) ->  F ((out1.spike | out2.spike) | out3.spike))  is true
